This is TeX, Version 3.141592653 (TeX Live 2022/dev/Debian) (preloaded format=tex 2023.7.25)  28 MAY 2024 08:56
**english.ins
(./english.ins (/usr/share/texlive/texmf-dist/tex/latex/base/docstrip.tex
\blockLevel=\count26
\emptyLines=\count27
\processedLines=\count28
\commentsRemoved=\count29
\commentsPassed=\count30
\codeLinesPassed=\count31
\TotalprocessedLines=\count32
\TotalcommentsRemoved=\count33
\TotalcommentsPassed=\count34
\TotalcodeLinesPassed=\count35
\NumberOfFiles=\count36
\inFile=\read0
\inputcheck=\read1
\@tempcnta=\count37
\off@0=\count38
\off@1=\count39
\off@2=\count40
\off@3=\count41
\off@4=\count42
\off@5=\count43
\off@6=\count44
\off@7=\count45
\off@8=\count46
\off@9=\count47
\off@10=\count48
\off@11=\count49
\off@12=\count50
\off@13=\count51
\off@14=\count52
\off@15=\count53
\@temptokena=\toks12
\@maxfiles=\count54
\@maxoutfiles=\count55

Utility: `docstrip' v2.6a <2020-11-23>
English documentation    <2020-11-23>

**********************************************************
* This program converts documented macro-files into fast *
* loadable files by stripping off (nearly) all comments! *
**********************************************************

********************************************************
* No Configuration file found, using default settings. *
********************************************************

(./english.ins

Generating file(s) english.ldf american.ldf USenglish.ldf british.ldf UKenglish
.ldf australian.ldf newzealand.ldf canadian.ldf 

Processing file english.dtx (english,code) -> english.ldf
                            (american) -> american.ldf
                            (usenglish) -> USenglish.ldf
                            (british) -> british.ldf
                            (ukenglish) -> UKenglish.ldf
                            (australian) -> australian.ldf
                            (newzealand) -> newzealand.ldf
                            (canadian) -> canadian.ldf
File english.dtx ended by \endinput.
Lines  processed: 476
Comments removed: 280
Comments  passed: 22
Codelines passed: 158

***********************************************************
*
* To finish the installation you have to move the following
* files into a directory searched by TeX:
*
*   All *.def, *.fd, *.ldf, *.sty
*
* To produce the documentation run the files ending with
* '.dtx' and `.fdd' through LaTeX.
*
* Happy TeXing
***********************************************************
) ) )
No pages of output.
