This is TeX, Version 3.141592653 (TeX Live 2022/dev/Debian) (preloaded format=tex 2023.7.25)  11 JUN 2024 12:26
**soul.ins
(./soul.ins (/usr/share/texlive/texmf-dist/tex/latex/l3kernel/l3docstrip.tex
(/usr/share/texlive/texmf-dist/tex/latex/base/docstrip.tex
\blockLevel=\count26
\emptyLines=\count27
\processedLines=\count28
\commentsRemoved=\count29
\commentsPassed=\count30
\codeLinesPassed=\count31
\TotalprocessedLines=\count32
\TotalcommentsRemoved=\count33
\TotalcommentsPassed=\count34
\TotalcodeLinesPassed=\count35
\NumberOfFiles=\count36
\inFile=\read0
\inputcheck=\read1
\@tempcnta=\count37
\off@0=\count38
\off@1=\count39
\off@2=\count40
\off@3=\count41
\off@4=\count42
\off@5=\count43
\off@6=\count44
\off@7=\count45
\off@8=\count46
\off@9=\count47
\off@10=\count48
\off@11=\count49
\off@12=\count50
\off@13=\count51
\off@14=\count52
\off@15=\count53
\@temptokena=\toks12
\@maxfiles=\count54
\@maxoutfiles=\count55

Utility: `docstrip' v2.6a <2020-11-23>
English documentation    <2020-11-23>

**********************************************************
* This program converts documented macro-files into fast *
* loadable files by stripping off (nearly) all comments! *
**********************************************************

********************************************************
* No Configuration file found, using default settings. *
********************************************************

))

Generating file(s) soul.sty 

Processing file soul.dtx (package) -> soul.sty
File soul.dtx ended by \endinput.
Lines  processed: 1146
Comments removed: 474
Comments  passed: 0
Codelines passed: 666


Generating file(s) soul-ori.sty 

Processing file soul-ori.dtx (package) -> soul-ori.sty
File soul-ori.dtx ended by \endinput.
Lines  processed: 4448
Comments removed: 3499
Comments  passed: 33
Codelines passed: 913


Generating file(s) soulutf8.sty 

Processing file soul.dtx (soulutf8) -> soulutf8.sty
File soul.dtx ended by \endinput.
Lines  processed: 1146
Comments removed: 474
Comments  passed: 0
Codelines passed: 666

Overall statistics:
Files  processed: 3
Lines  processed: 6740
Comments removed: 4447
Comments  passed: 33
Codelines passed: 2245
 )
No pages of output.
